0 info it worked if it ends with ok
1 verbose cli [ '/Users/orisano/.nodebrew/node/v5.11.0/bin/node',
1 verbose cli   '/Users/orisano/.nodebrew/current/bin/npm',
1 verbose cli   'run',
1 verbose cli   'start' ]
2 info using npm@3.8.6
3 info using node@v5.11.0
4 verbose run-script [ 'prestart', 'start', 'poststart' ]
5 info lifecycle his@1.0.0~prestart: his@1.0.0
6 silly lifecycle his@1.0.0~prestart: no script for prestart, continuing
7 info lifecycle his@1.0.0~start: his@1.0.0
8 verbose lifecycle his@1.0.0~start: unsafe-perm in lifecycle true
9 verbose lifecycle his@1.0.0~start: PATH: /Users/orisano/.nodebrew/node/v5.11.0/lib/node_modules/npm/bin/node-gyp-bin:/Users/orisano/repos/github.com/orisano/his/node_modules/.bin:/Users/orisano/.nodebrew/node/v5.11.0/bin:/Users/orisano/.zplug/repos/zplug/zplug/bin:/Users/orisano/.zplug/bin:/Users/orisano/.pyenv/plugins/pyenv-virtualenv/shims:/Users/orisano/.pyenv/shims:/Users/orisano/.pyenv/bin:/Users/orisano/bin:/usr/local/bin:/Users/orisano/.nodebrew/current/bin:/usr/bin:/bin:/usr/sbin:/sbin
10 verbose lifecycle his@1.0.0~start: CWD: /Users/orisano/repos/github.com/orisano/his
11 silly lifecycle his@1.0.0~start: Args: [ '-c', 'node app.js' ]
12 silly lifecycle his@1.0.0~start: Returned: code: 1  signal: null
13 info lifecycle his@1.0.0~start: Failed to exec start script
14 verbose stack Error: his@1.0.0 start: `node app.js`
14 verbose stack Exit status 1
14 verbose stack     at EventEmitter.<anonymous> (/Users/orisano/.nodebrew/node/v5.11.0/lib/node_modules/npm/lib/utils/lifecycle.js:239:16)
14 verbose stack     at emitTwo (events.js:100:13)
14 verbose stack     at EventEmitter.emit (events.js:185:7)
14 verbose stack     at ChildProcess.<anonymous> (/Users/orisano/.nodebrew/node/v5.11.0/lib/node_modules/npm/lib/utils/spawn.js:24:14)
14 verbose stack     at emitTwo (events.js:100:13)
14 verbose stack     at ChildProcess.emit (events.js:185:7)
14 verbose stack     at maybeClose (internal/child_process.js:850:16)
14 verbose stack     at Process.ChildProcess._handle.onexit (internal/child_process.js:215:5)
15 verbose pkgid his@1.0.0
16 verbose cwd /Users/orisano/repos/github.com/orisano/his
17 error Darwin 15.5.0
18 error argv "/Users/orisano/.nodebrew/node/v5.11.0/bin/node" "/Users/orisano/.nodebrew/current/bin/npm" "run" "start"
19 error node v5.11.0
20 error npm  v3.8.6
21 error code ELIFECYCLE
22 error his@1.0.0 start: `node app.js`
22 error Exit status 1
23 error Failed at the his@1.0.0 start script 'node app.js'.
23 error Make sure you have the latest version of node.js and npm installed.
23 error If you do, this is most likely a problem with the his package,
23 error not with npm itself.
23 error Tell the author that this fails on your system:
23 error     node app.js
23 error You can get information on how to open an issue for this project with:
23 error     npm bugs his
23 error Or if that isn't available, you can get their info via:
23 error     npm owner ls his
23 error There is likely additional logging output above.
24 verbose exit [ 1, true ]
